<?xml version="1.0" encoding="UTF-8"?>
<!-- Generated by org.testng.reporters.JUnitReportReporter -->
<testsuite skipped="1" hostname="Uciteljicas-MacBook-Pro.local" name="tests.TestForgotInfo" tests="9" failures="0" timestamp="20 Oct 2022 09:33:20 GMT" time="9.155" errors="0">
  <testcase name="forgetMyInfoLastNameMissing" time="1.124" classname="tests.TestForgotInfo"/>
  <testcase name="forgetMyInfoNegativeUnexistingUser" time="1.089" classname="tests.TestForgotInfo"/>
  <testcase name="forgetMyInfoZipMissing" time="1.170" classname="tests.TestForgotInfo"/>
  <testcase name="forgetMyInfoStateMissing" time="1.162" classname="tests.TestForgotInfo"/>
  <testcase name="forgetMyInfoAddressMissing" time="1.124" classname="tests.TestForgotInfo"/>
  <testcase name="forgetMyInfoSSNMissing" time="1.140" classname="tests.TestForgotInfo"/>
  <testcase name="forgetMyInfoCityMissing" time="1.190" classname="tests.TestForgotInfo"/>
  <testcase name="forgetMyInfoNameMissing" time="1.156" classname="tests.TestForgotInfo"/>
  <testcase name="forgetMyInfoPositive" classname="tests.TestForgotInfo">
    <skipped/>
  </testcase> <!-- forgetMyInfoPositive -->
</testsuite> <!-- tests.TestForgotInfo -->
